  MainLoop.cpp
d:\biancheng\c++\battlecity\battlecity\mainloop.cpp(81): warning C4804: “<”: 在操作中使用类型“bool”不安全
d:\biancheng\c++\battlecity\battlecity\mainloop.cpp(85): warning C4804: “<”: 在操作中使用类型“bool”不安全
d:\biancheng\c++\battlecity\battlecity\mainloop.cpp(89): warning C4804: “<”: 在操作中使用类型“bool”不安全
d:\biancheng\c++\battlecity\battlecity\mainloop.cpp(95): warning C4804: “<”: 在操作中使用类型“bool”不安全
d:\biancheng\c++\battlecity\battlecity\mainloop.cpp(98): warning C4804: “<”: 在操作中使用类型“bool”不安全
d:\biancheng\c++\battlecity\battlecity\mainloop.cpp(101): warning C4804: “<”: 在操作中使用类型“bool”不安全
  Menu.cpp
d:\biancheng\c++\battlecity\battlecity\menu.cpp(455): warning C4996: 'sprintf': This function or variable may be unsafe. Consider using sprintf_s instead. To disable deprecation, use _CRT_SECURE_NO_WARNINGS. See online help for details.
  c:\program files (x86)\windows kits\10\include\10.0.17763.0\ucrt\stdio.h(1774): note: 参见“sprintf”的声明
d:\biancheng\c++\battlecity\battlecity\menu.cpp(499): warning C4996: 'sprintf': This function or variable may be unsafe. Consider using sprintf_s instead. To disable deprecation, use _CRT_SECURE_NO_WARNINGS. See online help for details.
  c:\program files (x86)\windows kits\10\include\10.0.17763.0\ucrt\stdio.h(1774): note: 参见“sprintf”的声明
d:\biancheng\c++\battlecity\battlecity\menu.cpp(543): warning C4996: 'sprintf': This function or variable may be unsafe. Consider using sprintf_s instead. To disable deprecation, use _CRT_SECURE_NO_WARNINGS. See online help for details.
  c:\program files (x86)\windows kits\10\include\10.0.17763.0\ucrt\stdio.h(1774): note: 参见“sprintf”的声明
  Picture.cpp
  game.cpp
  main.cpp
  正在生成代码...
LINK : warning LNK4098: 默认库“MSVCRT”与其他库的使用冲突；请使用 /NODEFAULTLIB:library
  BattleCity.vcxproj -> D:\biancheng\C++\BattleCity\x64\Debug\BattleCity.exe
